<?xml version="1.0" encoding="GBK"?>
<beans xmlns="http://www.springframework.org/schema/beans"
       xmlns:xsi="http://www.w3.org/2001/XMLSchema-instance"
       xmlns:context="http://www.springframework.org/schema/context"
       xsi:schemaLocation="
       http://www.springframework.org/schema/beans http://www.springframework.org/schema/beans/spring-beans-4.0.xsd
       http://www.springframework.org/schema/context http://www.springframework.org/schema/context/spring-context-4.0.xsd
       "
       default-autowire="byName">

    <bean id="propertyConfigurer"
          class="org.springframework.beans.factory.config.PropertyPlaceholderConfigurer">
        <property name="locations">
            <list>
                <value>classpath:test-local.properties</value>
                <value>classpath:config.properties</value>
                <value>classpath:kafka.properties</value>
                <value>classpath:log4j.properties</value>
            </list>
        </property>
    </bean>

    <context:component-scan base-package="com.sxc.*" />
    <import resource="classpath:bean/to-spring-persistence.xml"/>
    <import resource="classpath:bean/to-application-config.xml"/>

</beans>
